[ 2023-08-06 18:51:20,361 ] 225 werkzeug - WARNING -  * Running on all addresses.
   WARNING: This is a development server. Do not use it in a production deployment.
[ 2023-08-06 18:51:20,362 ] 225 werkzeug - INFO -  * Running on http://192.168.1.4:9090/ (Press CTRL+C to quit)
[ 2023-08-06 18:51:32,772 ] 225 werkzeug - INFO - 127.0.0.1 - - [06/Aug/2023 18:51:32] "GET / HTTP/1.1" 200 -
[ 2023-08-06 18:51:32,823 ] 225 werkzeug - INFO - 127.0.0.1 - - [06/Aug/2023 18:51:32] "[33mGET /static/vendor/bootstrap/css/bootstrap.min.css HTTP/1.1[0m" 404 -
[ 2023-08-06 18:51:32,830 ] 225 werkzeug - INFO - 127.0.0.1 - - [06/Aug/2023 18:51:32] "[33mGET /static/fonts/font-awesome-4.7.0/css/font-awesome.min.css HTTP/1.1[0m" 404 -
[ 2023-08-06 18:51:32,840 ] 225 werkzeug - INFO - 127.0.0.1 - - [06/Aug/2023 18:51:32] "[33mGET /static/fonts/Linearicons-Free-v1.0.0/icon-font.min.css HTTP/1.1[0m" 404 -
[ 2023-08-06 18:51:32,846 ] 225 werkzeug - INFO - 127.0.0.1 - - [06/Aug/2023 18:51:32] "[33mGET /static/vendor/animate/animate.css HTTP/1.1[0m" 404 -
[ 2023-08-06 18:51:32,848 ] 225 werkzeug - INFO - 127.0.0.1 - - [06/Aug/2023 18:51:32] "[33mGET /static/vendor/css-hamburgers/hamburgers.min.css HTTP/1.1[0m" 404 -
[ 2023-08-06 18:51:32,851 ] 225 werkzeug - INFO - 127.0.0.1 - - [06/Aug/2023 18:51:32] "[33mGET /static/vendor/animsition/css/animsition.min.css HTTP/1.1[0m" 404 -
[ 2023-08-06 18:51:32,854 ] 225 werkzeug - INFO - 127.0.0.1 - - [06/Aug/2023 18:51:32] "[33mGET /static/vendor/select2/select2.min.css HTTP/1.1[0m" 404 -
[ 2023-08-06 18:51:33,100 ] 225 werkzeug - INFO - 127.0.0.1 - - [06/Aug/2023 18:51:33] "[33mGET /static/vendor/daterangepicker/daterangepicker.css HTTP/1.1[0m" 404 -
[ 2023-08-06 18:51:33,105 ] 225 werkzeug - INFO - 127.0.0.1 - - [06/Aug/2023 18:51:33] "[33mGET /static/css/util.css HTTP/1.1[0m" 404 -
[ 2023-08-06 18:51:33,110 ] 225 werkzeug - INFO - 127.0.0.1 - - [06/Aug/2023 18:51:33] "[33mGET /static/vendor/jquery/jquery-3.2.1.min.js HTTP/1.1[0m" 404 -
[ 2023-08-06 18:51:33,111 ] 225 werkzeug - INFO - 127.0.0.1 - - [06/Aug/2023 18:51:33] "[36mGET /static/css/main.css HTTP/1.1[0m" 304 -
[ 2023-08-06 18:51:33,118 ] 225 werkzeug - INFO - 127.0.0.1 - - [06/Aug/2023 18:51:33] "[33mGET /static/vendor/animsition/js/animsition.min.js HTTP/1.1[0m" 404 -
[ 2023-08-06 18:51:33,124 ] 225 werkzeug - INFO - 127.0.0.1 - - [06/Aug/2023 18:51:33] "[33mGET /static/vendor/bootstrap/js/popper.js HTTP/1.1[0m" 404 -
[ 2023-08-06 18:51:33,133 ] 225 werkzeug - INFO - 127.0.0.1 - - [06/Aug/2023 18:51:33] "[33mGET /static/vendor/bootstrap/js/bootstrap.min.js HTTP/1.1[0m" 404 -
[ 2023-08-06 18:51:33,150 ] 225 werkzeug - INFO - 127.0.0.1 - - [06/Aug/2023 18:51:33] "[33mGET /static/vendor/select2/select2.min.js HTTP/1.1[0m" 404 -
[ 2023-08-06 18:51:33,154 ] 225 werkzeug - INFO - 127.0.0.1 - - [06/Aug/2023 18:51:33] "[33mGET /static/vendor/daterangepicker/moment.min.js HTTP/1.1[0m" 404 -
[ 2023-08-06 18:51:33,158 ] 225 werkzeug - INFO - 127.0.0.1 - - [06/Aug/2023 18:51:33] "[33mGET /static/vendor/daterangepicker/daterangepicker.js HTTP/1.1[0m" 404 -
[ 2023-08-06 18:51:33,167 ] 225 werkzeug - INFO - 127.0.0.1 - - [06/Aug/2023 18:51:33] "[33mGET /static/vendor/countdowntime/countdowntime.js HTTP/1.1[0m" 404 -
[ 2023-08-06 18:51:33,173 ] 225 werkzeug - INFO - 127.0.0.1 - - [06/Aug/2023 18:51:33] "[33mGET /static/js/main.js HTTP/1.1[0m" 404 -
[ 2023-08-06 18:51:36,185 ] 225 werkzeug - INFO - 127.0.0.1 - - [06/Aug/2023 18:51:36] "GET /login/ HTTP/1.1" 200 -
[ 2023-08-06 18:51:36,882 ] 225 werkzeug - INFO - 127.0.0.1 - - [06/Aug/2023 18:51:36] "[33mGET /static/fonts/font-awesome-4.7.0/css/font-awesome.min.css HTTP/1.1[0m" 404 -
[ 2023-08-06 18:51:36,982 ] 225 werkzeug - INFO - 127.0.0.1 - - [06/Aug/2023 18:51:36] "[33mGET /static/vendor/bootstrap/css/bootstrap.min.css HTTP/1.1[0m" 404 -
[ 2023-08-06 18:51:37,108 ] 225 werkzeug - INFO - 127.0.0.1 - - [06/Aug/2023 18:51:37] "[33mGET /static/vendor/css-hamburgers/hamburgers.min.css HTTP/1.1[0m" 404 -
[ 2023-08-06 18:51:37,124 ] 225 werkzeug - INFO - 127.0.0.1 - - [06/Aug/2023 18:51:37] "[33mGET /static/vendor/animsition/css/animsition.min.css HTTP/1.1[0m" 404 -
[ 2023-08-06 18:51:37,131 ] 225 werkzeug - INFO - 127.0.0.1 - - [06/Aug/2023 18:51:37] "[33mGET /static/vendor/select2/select2.min.css HTTP/1.1[0m" 404 -
[ 2023-08-06 18:51:37,164 ] 225 werkzeug - INFO - 127.0.0.1 - - [06/Aug/2023 18:51:37] "[33mGET /static/vendor/daterangepicker/daterangepicker.css HTTP/1.1[0m" 404 -
[ 2023-08-06 18:51:37,191 ] 225 werkzeug - INFO - 127.0.0.1 - - [06/Aug/2023 18:51:37] "[33mGET /static/fonts/Linearicons-Free-v1.0.0/icon-font.min.css HTTP/1.1[0m" 404 -
[ 2023-08-06 18:51:37,213 ] 225 werkzeug - INFO - 127.0.0.1 - - [06/Aug/2023 18:51:37] "[33mGET /static/vendor/animate/animate.css HTTP/1.1[0m" 404 -
[ 2023-08-06 18:51:37,238 ] 225 werkzeug - INFO - 127.0.0.1 - - [06/Aug/2023 18:51:37] "[33mGET /static/css/util.css HTTP/1.1[0m" 404 -
[ 2023-08-06 18:51:37,243 ] 225 werkzeug - INFO - 127.0.0.1 - - [06/Aug/2023 18:51:37] "[33mGET /static/vendor/jquery/jquery-3.2.1.min.js HTTP/1.1[0m" 404 -
[ 2023-08-06 18:51:37,247 ] 225 werkzeug - INFO - 127.0.0.1 - - [06/Aug/2023 18:51:37] "[36mGET /static/css/main.css HTTP/1.1[0m" 304 -
[ 2023-08-06 18:51:37,592 ] 225 werkzeug - INFO - 127.0.0.1 - - [06/Aug/2023 18:51:37] "[33mGET /static/vendor/animsition/js/animsition.min.js HTTP/1.1[0m" 404 -
[ 2023-08-06 18:51:37,599 ] 225 werkzeug - INFO - 127.0.0.1 - - [06/Aug/2023 18:51:37] "[33mGET /static/vendor/daterangepicker/daterangepicker.js HTTP/1.1[0m" 404 -
[ 2023-08-06 18:51:37,606 ] 225 werkzeug - INFO - 127.0.0.1 - - [06/Aug/2023 18:51:37] "[33mGET /static/vendor/countdowntime/countdowntime.js HTTP/1.1[0m" 404 -
[ 2023-08-06 18:51:37,630 ] 225 werkzeug - INFO - 127.0.0.1 - - [06/Aug/2023 18:51:37] "[33mGET /static/js/main.js HTTP/1.1[0m" 404 -
[ 2023-08-06 18:51:37,635 ] 225 werkzeug - INFO - 127.0.0.1 - - [06/Aug/2023 18:51:37] "[33mGET /static/vendor/bootstrap/js/popper.js HTTP/1.1[0m" 404 -
[ 2023-08-06 18:51:37,637 ] 225 werkzeug - INFO - 127.0.0.1 - - [06/Aug/2023 18:51:37] "[33mGET /static/vendor/bootstrap/js/bootstrap.min.js HTTP/1.1[0m" 404 -
[ 2023-08-06 18:51:39,157 ] 225 werkzeug - INFO - 127.0.0.1 - - [06/Aug/2023 18:51:39] "[33mGET /static/vendor/select2/select2.min.js HTTP/1.1[0m" 404 -
[ 2023-08-06 18:51:39,161 ] 225 werkzeug - INFO - 127.0.0.1 - - [06/Aug/2023 18:51:39] "[33mGET /static/vendor/daterangepicker/moment.min.js HTTP/1.1[0m" 404 -
[ 2023-08-06 18:51:42,751 ] 225 werkzeug - INFO - 127.0.0.1 - - [06/Aug/2023 18:51:42] "GET /register/ HTTP/1.1" 200 -
[ 2023-08-06 18:51:43,648 ] 225 werkzeug - INFO - 127.0.0.1 - - [06/Aug/2023 18:51:43] "[33mGET /static/vendor/select2/select2.min.css HTTP/1.1[0m" 404 -
[ 2023-08-06 18:51:43,655 ] 225 werkzeug - INFO - 127.0.0.1 - - [06/Aug/2023 18:51:43] "[33mGET /static/vendor/bootstrap/css/bootstrap.min.css HTTP/1.1[0m" 404 -
[ 2023-08-06 18:51:43,657 ] 225 werkzeug - INFO - 127.0.0.1 - - [06/Aug/2023 18:51:43] "[33mGET /static/fonts/font-awesome-4.7.0/css/font-awesome.min.css HTTP/1.1[0m" 404 -
[ 2023-08-06 18:51:43,657 ] 225 werkzeug - INFO - 127.0.0.1 - - [06/Aug/2023 18:51:43] "[33mGET /static/fonts/Linearicons-Free-v1.0.0/icon-font.min.css HTTP/1.1[0m" 404 -
[ 2023-08-06 18:51:43,662 ] 225 werkzeug - INFO - 127.0.0.1 - - [06/Aug/2023 18:51:43] "[33mGET /static/vendor/animate/animate.css HTTP/1.1[0m" 404 -
[ 2023-08-06 18:51:43,664 ] 225 werkzeug - INFO - 127.0.0.1 - - [06/Aug/2023 18:51:43] "[33mGET /static/vendor/css-hamburgers/hamburgers.min.css HTTP/1.1[0m" 404 -
[ 2023-08-06 18:51:43,666 ] 225 werkzeug - INFO - 127.0.0.1 - - [06/Aug/2023 18:51:43] "[33mGET /static/vendor/animsition/css/animsition.min.css HTTP/1.1[0m" 404 -
[ 2023-08-06 18:51:44,069 ] 225 werkzeug - INFO - 127.0.0.1 - - [06/Aug/2023 18:51:44] "[33mGET /static/vendor/daterangepicker/daterangepicker.css HTTP/1.1[0m" 404 -
[ 2023-08-06 18:51:44,069 ] 225 werkzeug - INFO - 127.0.0.1 - - [06/Aug/2023 18:51:44] "[33mGET /static/css/util.css HTTP/1.1[0m" 404 -
[ 2023-08-06 18:51:44,070 ] 225 werkzeug - INFO - 127.0.0.1 - - [06/Aug/2023 18:51:44] "[33mGET /static/vendor/animsition/js/animsition.min.js HTTP/1.1[0m" 404 -
[ 2023-08-06 18:51:44,072 ] 225 werkzeug - INFO - 127.0.0.1 - - [06/Aug/2023 18:51:44] "[36mGET /static/css/main.css HTTP/1.1[0m" 304 -
[ 2023-08-06 18:51:44,076 ] 225 werkzeug - INFO - 127.0.0.1 - - [06/Aug/2023 18:51:44] "[33mGET /static/vendor/jquery/jquery-3.2.1.min.js HTTP/1.1[0m" 404 -
[ 2023-08-06 18:51:44,078 ] 225 werkzeug - INFO - 127.0.0.1 - - [06/Aug/2023 18:51:44] "[33mGET /static/vendor/bootstrap/js/popper.js HTTP/1.1[0m" 404 -
[ 2023-08-06 18:51:44,555 ] 225 werkzeug - INFO - 127.0.0.1 - - [06/Aug/2023 18:51:44] "[33mGET /static/vendor/bootstrap/js/bootstrap.min.js HTTP/1.1[0m" 404 -
[ 2023-08-06 18:51:44,558 ] 225 werkzeug - INFO - 127.0.0.1 - - [06/Aug/2023 18:51:44] "[33mGET /static/vendor/select2/select2.min.js HTTP/1.1[0m" 404 -
[ 2023-08-06 18:51:44,563 ] 225 werkzeug - INFO - 127.0.0.1 - - [06/Aug/2023 18:51:44] "[33mGET /static/vendor/daterangepicker/moment.min.js HTTP/1.1[0m" 404 -
[ 2023-08-06 18:51:44,568 ] 225 werkzeug - INFO - 127.0.0.1 - - [06/Aug/2023 18:51:44] "[33mGET /static/vendor/daterangepicker/daterangepicker.js HTTP/1.1[0m" 404 -
[ 2023-08-06 18:51:44,570 ] 225 werkzeug - INFO - 127.0.0.1 - - [06/Aug/2023 18:51:44] "[33mGET /static/vendor/countdowntime/countdowntime.js HTTP/1.1[0m" 404 -
[ 2023-08-06 18:51:44,574 ] 225 werkzeug - INFO - 127.0.0.1 - - [06/Aug/2023 18:51:44] "[33mGET /static/js/main.js HTTP/1.1[0m" 404 -
[ 2023-08-06 18:52:00,349 ] 225 werkzeug - INFO - 127.0.0.1 - - [06/Aug/2023 18:52:00] "[32mPOST /register HTTP/1.1[0m" 308 -
[ 2023-08-06 18:52:02,519 ] 225 werkzeug - INFO - 127.0.0.1 - - [06/Aug/2023 18:52:02] "POST /register/ HTTP/1.1" 200 -
[ 2023-08-06 18:52:02,607 ] 225 werkzeug - INFO - 127.0.0.1 - - [06/Aug/2023 18:52:02] "[33mGET /static/vendor/bootstrap/css/bootstrap.min.css HTTP/1.1[0m" 404 -
[ 2023-08-06 18:52:02,619 ] 225 werkzeug - INFO - 127.0.0.1 - - [06/Aug/2023 18:52:02] "[33mGET /static/fonts/font-awesome-4.7.0/css/font-awesome.min.css HTTP/1.1[0m" 404 -
[ 2023-08-06 18:52:02,624 ] 225 werkzeug - INFO - 127.0.0.1 - - [06/Aug/2023 18:52:02] "[33mGET /static/fonts/Linearicons-Free-v1.0.0/icon-font.min.css HTTP/1.1[0m" 404 -
[ 2023-08-06 18:52:02,628 ] 225 werkzeug - INFO - 127.0.0.1 - - [06/Aug/2023 18:52:02] "[33mGET /static/vendor/animate/animate.css HTTP/1.1[0m" 404 -
[ 2023-08-06 18:52:05,748 ] 225 werkzeug - INFO - 127.0.0.1 - - [06/Aug/2023 18:52:05] "[33mGET /static/vendor/css-hamburgers/hamburgers.min.css HTTP/1.1[0m" 404 -
[ 2023-08-06 18:52:05,749 ] 225 werkzeug - INFO - 127.0.0.1 - - [06/Aug/2023 18:52:05] "[33mGET /static/vendor/animsition/css/animsition.min.css HTTP/1.1[0m" 404 -
[ 2023-08-06 18:52:05,750 ] 225 werkzeug - INFO - 127.0.0.1 - - [06/Aug/2023 18:52:05] "[33mGET /static/vendor/select2/select2.min.css HTTP/1.1[0m" 404 -
[ 2023-08-06 18:52:05,750 ] 225 werkzeug - INFO - 127.0.0.1 - - [06/Aug/2023 18:52:05] "[33mGET /static/vendor/daterangepicker/daterangepicker.css HTTP/1.1[0m" 404 -
[ 2023-08-06 18:52:05,751 ] 225 werkzeug - INFO - 127.0.0.1 - - [06/Aug/2023 18:52:05] "[33mGET /static/css/util.css HTTP/1.1[0m" 404 -
[ 2023-08-06 18:52:05,760 ] 225 werkzeug - INFO - 127.0.0.1 - - [06/Aug/2023 18:52:05] "[36mGET /static/css/main.css HTTP/1.1[0m" 304 -
[ 2023-08-06 18:52:05,764 ] 225 werkzeug - INFO - 127.0.0.1 - - [06/Aug/2023 18:52:05] "[33mGET /static/vendor/countdowntime/countdowntime.js HTTP/1.1[0m" 404 -
[ 2023-08-06 18:52:05,770 ] 225 werkzeug - INFO - 127.0.0.1 - - [06/Aug/2023 18:52:05] "[33mGET /static/js/main.js HTTP/1.1[0m" 404 -
[ 2023-08-06 18:52:05,774 ] 225 werkzeug - INFO - 127.0.0.1 - - [06/Aug/2023 18:52:05] "[33mGET /static/vendor/jquery/jquery-3.2.1.min.js HTTP/1.1[0m" 404 -
[ 2023-08-06 18:52:05,778 ] 225 werkzeug - INFO - 127.0.0.1 - - [06/Aug/2023 18:52:05] "[33mGET /static/vendor/animsition/js/animsition.min.js HTTP/1.1[0m" 404 -
[ 2023-08-06 18:52:05,782 ] 225 werkzeug - INFO - 127.0.0.1 - - [06/Aug/2023 18:52:05] "[33mGET /static/vendor/bootstrap/js/popper.js HTTP/1.1[0m" 404 -
[ 2023-08-06 18:52:05,786 ] 225 werkzeug - INFO - 127.0.0.1 - - [06/Aug/2023 18:52:05] "[33mGET /static/vendor/bootstrap/js/bootstrap.min.js HTTP/1.1[0m" 404 -
[ 2023-08-06 18:52:05,793 ] 225 werkzeug - INFO - 127.0.0.1 - - [06/Aug/2023 18:52:05] "[33mGET /static/vendor/select2/select2.min.js HTTP/1.1[0m" 404 -
[ 2023-08-06 18:52:05,794 ] 225 werkzeug - INFO - 127.0.0.1 - - [06/Aug/2023 18:52:05] "[33mGET /static/vendor/daterangepicker/moment.min.js HTTP/1.1[0m" 404 -
[ 2023-08-06 18:52:05,796 ] 225 werkzeug - INFO - 127.0.0.1 - - [06/Aug/2023 18:52:05] "[33mGET /static/vendor/daterangepicker/daterangepicker.js HTTP/1.1[0m" 404 -
[ 2023-08-06 18:52:07,842 ] 225 werkzeug - INFO - 127.0.0.1 - - [06/Aug/2023 18:52:07] "GET /login/ HTTP/1.1" 200 -
[ 2023-08-06 18:52:07,897 ] 225 werkzeug - INFO - 127.0.0.1 - - [06/Aug/2023 18:52:07] "[33mGET /static/vendor/bootstrap/css/bootstrap.min.css HTTP/1.1[0m" 404 -
[ 2023-08-06 18:52:07,903 ] 225 werkzeug - INFO - 127.0.0.1 - - [06/Aug/2023 18:52:07] "[33mGET /static/fonts/font-awesome-4.7.0/css/font-awesome.min.css HTTP/1.1[0m" 404 -
[ 2023-08-06 18:52:07,907 ] 225 werkzeug - INFO - 127.0.0.1 - - [06/Aug/2023 18:52:07] "[33mGET /static/fonts/Linearicons-Free-v1.0.0/icon-font.min.css HTTP/1.1[0m" 404 -
[ 2023-08-06 18:52:07,912 ] 225 werkzeug - INFO - 127.0.0.1 - - [06/Aug/2023 18:52:07] "[33mGET /static/vendor/animate/animate.css HTTP/1.1[0m" 404 -
[ 2023-08-06 18:52:07,915 ] 225 werkzeug - INFO - 127.0.0.1 - - [06/Aug/2023 18:52:07] "[33mGET /static/vendor/css-hamburgers/hamburgers.min.css HTTP/1.1[0m" 404 -
[ 2023-08-06 18:52:07,920 ] 225 werkzeug - INFO - 127.0.0.1 - - [06/Aug/2023 18:52:07] "[33mGET /static/vendor/animsition/css/animsition.min.css HTTP/1.1[0m" 404 -
[ 2023-08-06 18:52:07,926 ] 225 werkzeug - INFO - 127.0.0.1 - - [06/Aug/2023 18:52:07] "[33mGET /static/vendor/select2/select2.min.css HTTP/1.1[0m" 404 -
[ 2023-08-06 18:52:08,070 ] 225 werkzeug - INFO - 127.0.0.1 - - [06/Aug/2023 18:52:08] "[33mGET /static/vendor/daterangepicker/daterangepicker.css HTTP/1.1[0m" 404 -
[ 2023-08-06 18:52:08,072 ] 225 werkzeug - INFO - 127.0.0.1 - - [06/Aug/2023 18:52:08] "[33mGET /static/css/util.css HTTP/1.1[0m" 404 -
[ 2023-08-06 18:52:08,076 ] 225 werkzeug - INFO - 127.0.0.1 - - [06/Aug/2023 18:52:08] "[33mGET /static/vendor/daterangepicker/daterangepicker.js HTTP/1.1[0m" 404 -
[ 2023-08-06 18:52:08,077 ] 225 werkzeug - INFO - 127.0.0.1 - - [06/Aug/2023 18:52:08] "[36mGET /static/css/main.css HTTP/1.1[0m" 304 -
[ 2023-08-06 18:52:08,079 ] 225 werkzeug - INFO - 127.0.0.1 - - [06/Aug/2023 18:52:08] "[33mGET /static/vendor/jquery/jquery-3.2.1.min.js HTTP/1.1[0m" 404 -
[ 2023-08-06 18:52:08,082 ] 225 werkzeug - INFO - 127.0.0.1 - - [06/Aug/2023 18:52:08] "[33mGET /static/vendor/animsition/js/animsition.min.js HTTP/1.1[0m" 404 -
[ 2023-08-06 18:52:08,333 ] 225 werkzeug - INFO - 127.0.0.1 - - [06/Aug/2023 18:52:08] "[33mGET /static/vendor/bootstrap/js/popper.js HTTP/1.1[0m" 404 -
[ 2023-08-06 18:52:08,335 ] 225 werkzeug - INFO - 127.0.0.1 - - [06/Aug/2023 18:52:08] "[33mGET /static/vendor/bootstrap/js/bootstrap.min.js HTTP/1.1[0m" 404 -
[ 2023-08-06 18:52:08,342 ] 225 werkzeug - INFO - 127.0.0.1 - - [06/Aug/2023 18:52:08] "[33mGET /static/vendor/select2/select2.min.js HTTP/1.1[0m" 404 -
[ 2023-08-06 18:52:08,348 ] 225 werkzeug - INFO - 127.0.0.1 - - [06/Aug/2023 18:52:08] "[33mGET /static/vendor/daterangepicker/moment.min.js HTTP/1.1[0m" 404 -
[ 2023-08-06 18:52:08,351 ] 225 werkzeug - INFO - 127.0.0.1 - - [06/Aug/2023 18:52:08] "[33mGET /static/vendor/countdowntime/countdowntime.js HTTP/1.1[0m" 404 -
[ 2023-08-06 18:52:08,356 ] 225 werkzeug - INFO - 127.0.0.1 - - [06/Aug/2023 18:52:08] "[33mGET /static/js/main.js HTTP/1.1[0m" 404 -
[ 2023-08-06 18:52:17,287 ] 225 werkzeug - INFO - 127.0.0.1 - - [06/Aug/2023 18:52:17] "[32mPOST /login HTTP/1.1[0m" 308 -
[ 2023-08-06 18:52:17,301 ] 1458 app - ERROR - Exception on /login/ [POST]
Traceback (most recent call last):
  File "e:\ML_OOP\mlproject_airbnb\mlproject_airbnb\.venv\lib\site-packages\sqlalchemy\util\_collections.py", line 1008, in __call__
    return self.registry[key]
KeyError: <greenlet.greenlet object at 0x1170A5A8 (otid=0x1170FC00) current active started main>

During handling of the above exception, another exception occurred:

Traceback (most recent call last):
  File "e:\ML_OOP\mlproject_airbnb\mlproject_airbnb\.venv\lib\site-packages\flask\app.py", line 2073, in wsgi_app
    response = self.full_dispatch_request()
  File "e:\ML_OOP\mlproject_airbnb\mlproject_airbnb\.venv\lib\site-packages\flask\app.py", line 1518, in full_dispatch_request
    rv = self.handle_user_exception(e)
  File "e:\ML_OOP\mlproject_airbnb\mlproject_airbnb\.venv\lib\site-packages\flask\app.py", line 1516, in full_dispatch_request
    rv = self.dispatch_request()
  File "e:\ML_OOP\mlproject_airbnb\mlproject_airbnb\.venv\lib\site-packages\flask\app.py", line 1502, in dispatch_request
    return self.ensure_sync(self.view_functions[rule.endpoint])(**req.view_args)
  File "app.py", line 58, in login
    data = User.query.filter_by(username=u, password=p).first()
  File "e:\ML_OOP\mlproject_airbnb\mlproject_airbnb\.venv\lib\site-packages\flask_sqlalchemy\__init__.py", line 552, in __get__
    return type.query_class(mapper, session=self.sa.session())
  File "e:\ML_OOP\mlproject_airbnb\mlproject_airbnb\.venv\lib\site-packages\sqlalchemy\orm\scoping.py", line 47, in __call__
    sess = self.registry()
  File "e:\ML_OOP\mlproject_airbnb\mlproject_airbnb\.venv\lib\site-packages\sqlalchemy\util\_collections.py", line 1010, in __call__
    return self.registry.setdefault(key, self.createfunc())
  File "e:\ML_OOP\mlproject_airbnb\mlproject_airbnb\.venv\lib\site-packages\sqlalchemy\orm\session.py", line 4279, in __call__
    return self.class_(**local_kw)
  File "e:\ML_OOP\mlproject_airbnb\mlproject_airbnb\.venv\lib\site-packages\flask_sqlalchemy\__init__.py", line 175, in __init__
    track_modifications = app.config['SQLALCHEMY_TRACK_MODIFICATIONS']
KeyError: 'SQLALCHEMY_TRACK_MODIFICATIONS'
[ 2023-08-06 18:52:19,196 ] 225 werkzeug - INFO - 127.0.0.1 - - [06/Aug/2023 18:52:19] "[35m[1mPOST /login/ HTTP/1.1[0m" 500 -
[ 2023-08-06 18:54:53,147 ] 225 werkzeug - INFO - 127.0.0.1 - - [06/Aug/2023 18:54:53] "GET /login/ HTTP/1.1" 200 -
[ 2023-08-06 18:54:53,568 ] 225 werkzeug - INFO - 127.0.0.1 - - [06/Aug/2023 18:54:53] "[33mGET /static/fonts/Linearicons-Free-v1.0.0/icon-font.min.css HTTP/1.1[0m" 404 -
[ 2023-08-06 18:54:53,645 ] 225 werkzeug - INFO - 127.0.0.1 - - [06/Aug/2023 18:54:53] "[33mGET /static/vendor/bootstrap/js/popper.js HTTP/1.1[0m" 404 -
[ 2023-08-06 18:54:53,655 ] 225 werkzeug - INFO - 127.0.0.1 - - [06/Aug/2023 18:54:53] "[33mGET /static/vendor/bootstrap/css/bootstrap.min.css HTTP/1.1[0m" 404 -
[ 2023-08-06 18:54:53,727 ] 225 werkzeug - INFO - 127.0.0.1 - - [06/Aug/2023 18:54:53] "[33mGET /static/fonts/font-awesome-4.7.0/css/font-awesome.min.css HTTP/1.1[0m" 404 -
[ 2023-08-06 18:54:53,792 ] 225 werkzeug - INFO - 127.0.0.1 - - [06/Aug/2023 18:54:53] "[33mGET /static/vendor/animate/animate.css HTTP/1.1[0m" 404 -
[ 2023-08-06 18:54:53,833 ] 225 werkzeug - INFO - 127.0.0.1 - - [06/Aug/2023 18:54:53] "[33mGET /static/vendor/css-hamburgers/hamburgers.min.css HTTP/1.1[0m" 404 -
[ 2023-08-06 18:54:53,875 ] 225 werkzeug - INFO - 127.0.0.1 - - [06/Aug/2023 18:54:53] "[33mGET /static/vendor/animsition/css/animsition.min.css HTTP/1.1[0m" 404 -
[ 2023-08-06 18:54:53,970 ] 225 werkzeug - INFO - 127.0.0.1 - - [06/Aug/2023 18:54:53] "[33mGET /static/vendor/select2/select2.min.css HTTP/1.1[0m" 404 -
[ 2023-08-06 18:54:54,014 ] 225 werkzeug - INFO - 127.0.0.1 - - [06/Aug/2023 18:54:54] "[33mGET /static/vendor/daterangepicker/daterangepicker.css HTTP/1.1[0m" 404 -
[ 2023-08-06 18:54:54,047 ] 225 werkzeug - INFO - 127.0.0.1 - - [06/Aug/2023 18:54:54] "[33mGET /static/css/util.css HTTP/1.1[0m" 404 -
[ 2023-08-06 18:54:54,091 ] 225 werkzeug - INFO - 127.0.0.1 - - [06/Aug/2023 18:54:54] "[36mGET /static/css/main.css HTTP/1.1[0m" 304 -
[ 2023-08-06 18:54:54,156 ] 225 werkzeug - INFO - 127.0.0.1 - - [06/Aug/2023 18:54:54] "[33mGET /static/vendor/bootstrap/js/bootstrap.min.js HTTP/1.1[0m" 404 -
[ 2023-08-06 18:54:54,187 ] 225 werkzeug - INFO - 127.0.0.1 - - [06/Aug/2023 18:54:54] "[33mGET /static/vendor/jquery/jquery-3.2.1.min.js HTTP/1.1[0m" 404 -
[ 2023-08-06 18:54:54,240 ] 225 werkzeug - INFO - 127.0.0.1 - - [06/Aug/2023 18:54:54] "[33mGET /static/vendor/animsition/js/animsition.min.js HTTP/1.1[0m" 404 -
[ 2023-08-06 18:54:54,298 ] 225 werkzeug - INFO - 127.0.0.1 - - [06/Aug/2023 18:54:54] "[33mGET /static/vendor/select2/select2.min.js HTTP/1.1[0m" 404 -
[ 2023-08-06 18:54:54,332 ] 225 werkzeug - INFO - 127.0.0.1 - - [06/Aug/2023 18:54:54] "[33mGET /static/vendor/daterangepicker/moment.min.js HTTP/1.1[0m" 404 -
[ 2023-08-06 18:54:54,365 ] 225 werkzeug - INFO - 127.0.0.1 - - [06/Aug/2023 18:54:54] "[33mGET /static/vendor/daterangepicker/daterangepicker.js HTTP/1.1[0m" 404 -
[ 2023-08-06 18:54:54,388 ] 225 werkzeug - INFO - 127.0.0.1 - - [06/Aug/2023 18:54:54] "[33mGET /static/vendor/countdowntime/countdowntime.js HTTP/1.1[0m" 404 -
[ 2023-08-06 18:54:54,415 ] 225 werkzeug - INFO - 127.0.0.1 - - [06/Aug/2023 18:54:54] "[33mGET /static/js/main.js HTTP/1.1[0m" 404 -
[ 2023-08-06 18:55:01,264 ] 225 werkzeug - INFO - 127.0.0.1 - - [06/Aug/2023 18:55:01] "[32mPOST /login HTTP/1.1[0m" 308 -
[ 2023-08-06 18:55:01,272 ] 1458 app - ERROR - Exception on /login/ [POST]
Traceback (most recent call last):
  File "e:\ML_OOP\mlproject_airbnb\mlproject_airbnb\.venv\lib\site-packages\sqlalchemy\util\_collections.py", line 1008, in __call__
    return self.registry[key]
KeyError: <greenlet.greenlet object at 0x01706058 (otid=0x114114A0) current active started main>

During handling of the above exception, another exception occurred:

Traceback (most recent call last):
  File "e:\ML_OOP\mlproject_airbnb\mlproject_airbnb\.venv\lib\site-packages\flask\app.py", line 2073, in wsgi_app
    response = self.full_dispatch_request()
  File "e:\ML_OOP\mlproject_airbnb\mlproject_airbnb\.venv\lib\site-packages\flask\app.py", line 1518, in full_dispatch_request
    rv = self.handle_user_exception(e)
  File "e:\ML_OOP\mlproject_airbnb\mlproject_airbnb\.venv\lib\site-packages\flask\app.py", line 1516, in full_dispatch_request
    rv = self.dispatch_request()
  File "e:\ML_OOP\mlproject_airbnb\mlproject_airbnb\.venv\lib\site-packages\flask\app.py", line 1502, in dispatch_request
    return self.ensure_sync(self.view_functions[rule.endpoint])(**req.view_args)
  File "app.py", line 58, in login
    data = User.query.filter_by(username=u, password=p).first()
  File "e:\ML_OOP\mlproject_airbnb\mlproject_airbnb\.venv\lib\site-packages\flask_sqlalchemy\__init__.py", line 552, in __get__
    return type.query_class(mapper, session=self.sa.session())
  File "e:\ML_OOP\mlproject_airbnb\mlproject_airbnb\.venv\lib\site-packages\sqlalchemy\orm\scoping.py", line 47, in __call__
    sess = self.registry()
  File "e:\ML_OOP\mlproject_airbnb\mlproject_airbnb\.venv\lib\site-packages\sqlalchemy\util\_collections.py", line 1010, in __call__
    return self.registry.setdefault(key, self.createfunc())
  File "e:\ML_OOP\mlproject_airbnb\mlproject_airbnb\.venv\lib\site-packages\sqlalchemy\orm\session.py", line 4279, in __call__
    return self.class_(**local_kw)
  File "e:\ML_OOP\mlproject_airbnb\mlproject_airbnb\.venv\lib\site-packages\flask_sqlalchemy\__init__.py", line 175, in __init__
    track_modifications = app.config['SQLALCHEMY_TRACK_MODIFICATIONS']
KeyError: 'SQLALCHEMY_TRACK_MODIFICATIONS'
[ 2023-08-06 18:55:01,275 ] 225 werkzeug - INFO - 127.0.0.1 - - [06/Aug/2023 18:55:01] "[35m[1mPOST /login/ HTTP/1.1[0m" 500 -
[ 2023-08-06 18:55:03,402 ] 225 werkzeug - INFO - 127.0.0.1 - - [06/Aug/2023 18:55:03] "[33mGET /static/vendor/select2/select2.min.css HTTP/1.1[0m" 404 -
[ 2023-08-06 18:55:03,405 ] 225 werkzeug - INFO - 127.0.0.1 - - [06/Aug/2023 18:55:03] "[33mGET /static/vendor/daterangepicker/daterangepicker.css HTTP/1.1[0m" 404 -
[ 2023-08-06 18:55:03,412 ] 225 werkzeug - INFO - 127.0.0.1 - - [06/Aug/2023 18:55:03] "[33mGET /static/css/util.css HTTP/1.1[0m" 404 -
[ 2023-08-06 18:55:03,421 ] 225 werkzeug - INFO - 127.0.0.1 - - [06/Aug/2023 18:55:03] "[33mGET /static/vendor/jquery/jquery-3.2.1.min.js HTTP/1.1[0m" 404 -
[ 2023-08-06 18:55:03,594 ] 225 werkzeug - INFO - 127.0.0.1 - - [06/Aug/2023 18:55:03] "[33mGET /static/vendor/animsition/js/animsition.min.js HTTP/1.1[0m" 404 -
[ 2023-08-06 18:55:03,597 ] 225 werkzeug - INFO - 127.0.0.1 - - [06/Aug/2023 18:55:03] "[33mGET /static/vendor/bootstrap/js/bootstrap.min.js HTTP/1.1[0m" 404 -
[ 2023-08-06 18:55:03,609 ] 225 werkzeug - INFO - 127.0.0.1 - - [06/Aug/2023 18:55:03] "[33mGET /static/vendor/daterangepicker/daterangepicker.js HTTP/1.1[0m" 404 -
[ 2023-08-06 18:55:03,610 ] 225 werkzeug - INFO - 127.0.0.1 - - [06/Aug/2023 18:55:03] "[33mGET /static/vendor/daterangepicker/moment.min.js HTTP/1.1[0m" 404 -
[ 2023-08-06 18:55:03,612 ] 225 werkzeug - INFO - 127.0.0.1 - - [06/Aug/2023 18:55:03] "[33mGET /static/vendor/select2/select2.min.js HTTP/1.1[0m" 404 -
[ 2023-08-06 18:55:03,614 ] 225 werkzeug - INFO - 127.0.0.1 - - [06/Aug/2023 18:55:03] "[33mGET /static/vendor/countdowntime/countdowntime.js HTTP/1.1[0m" 404 -
[ 2023-08-06 18:55:03,649 ] 225 werkzeug - INFO - 127.0.0.1 - - [06/Aug/2023 18:55:03] "[33mGET /static/js/main.js HTTP/1.1[0m" 404 -
[ 2023-08-06 18:55:11,215 ] 225 werkzeug - INFO - 127.0.0.1 - - [06/Aug/2023 18:55:11] "[32mPOST /login HTTP/1.1[0m" 308 -
[ 2023-08-06 18:55:11,222 ] 1458 app - ERROR - Exception on /login/ [POST]
Traceback (most recent call last):
  File "e:\ML_OOP\mlproject_airbnb\mlproject_airbnb\.venv\lib\site-packages\sqlalchemy\util\_collections.py", line 1008, in __call__
    return self.registry[key]
KeyError: <greenlet.greenlet object at 0x01700530 (otid=0x116F0500) current active started main>

During handling of the above exception, another exception occurred:

Traceback (most recent call last):
  File "e:\ML_OOP\mlproject_airbnb\mlproject_airbnb\.venv\lib\site-packages\flask\app.py", line 2073, in wsgi_app
    response = self.full_dispatch_request()
  File "e:\ML_OOP\mlproject_airbnb\mlproject_airbnb\.venv\lib\site-packages\flask\app.py", line 1518, in full_dispatch_request
    rv = self.handle_user_exception(e)
  File "e:\ML_OOP\mlproject_airbnb\mlproject_airbnb\.venv\lib\site-packages\flask\app.py", line 1516, in full_dispatch_request
    rv = self.dispatch_request()
  File "e:\ML_OOP\mlproject_airbnb\mlproject_airbnb\.venv\lib\site-packages\flask\app.py", line 1502, in dispatch_request
    return self.ensure_sync(self.view_functions[rule.endpoint])(**req.view_args)
  File "app.py", line 58, in login
    data = User.query.filter_by(username=u, password=p).first()
  File "e:\ML_OOP\mlproject_airbnb\mlproject_airbnb\.venv\lib\site-packages\flask_sqlalchemy\__init__.py", line 552, in __get__
    return type.query_class(mapper, session=self.sa.session())
  File "e:\ML_OOP\mlproject_airbnb\mlproject_airbnb\.venv\lib\site-packages\sqlalchemy\orm\scoping.py", line 47, in __call__
    sess = self.registry()
  File "e:\ML_OOP\mlproject_airbnb\mlproject_airbnb\.venv\lib\site-packages\sqlalchemy\util\_collections.py", line 1010, in __call__
    return self.registry.setdefault(key, self.createfunc())
  File "e:\ML_OOP\mlproject_airbnb\mlproject_airbnb\.venv\lib\site-packages\sqlalchemy\orm\session.py", line 4279, in __call__
    return self.class_(**local_kw)
  File "e:\ML_OOP\mlproject_airbnb\mlproject_airbnb\.venv\lib\site-packages\flask_sqlalchemy\__init__.py", line 175, in __init__
    track_modifications = app.config['SQLALCHEMY_TRACK_MODIFICATIONS']
KeyError: 'SQLALCHEMY_TRACK_MODIFICATIONS'
[ 2023-08-06 18:55:11,225 ] 225 werkzeug - INFO - 127.0.0.1 - - [06/Aug/2023 18:55:11] "[35m[1mPOST /login/ HTTP/1.1[0m" 500 -
